<?xml version="1.0" encoding="UTF-8"?>
<!-- Generated by org.testng.reporters.JUnitXMLReporter -->
<testsuite ignored="1" hostname="DESKTOP-UENAQ44" failures="1" tests="1" name="Default test(failed)" time="6.408" errors="0" timestamp="2022-08-08T12:39:02 GST">
  <testcase classname="automation.TestAutomationFramework.test.RegistrationTest_TC201" name="registerUser_InvalidCase" time="4.649">
    <failure type="java.lang.NullPointerException" message="Cannot invoke &amp;quot;org.openqa.selenium.support.ui.WebDriverWait.until(java.util.function.Function)&amp;quot; because &amp;quot;this.wait&amp;quot; is null">
      <![CDATA[java.lang.NullPointerException: Cannot invoke "org.openqa.selenium.support.ui.WebDriverWait.until(java.util.function.Function)" because "this.wait" is null
at automation.TestAutomationFramework.test.RegistrationTest_TC201.registerUser_InvalidCase(RegistrationTest_TC201.java:29)
at java.base/java.util.ArrayList.forEach(ArrayList.java:1511)
... Removed 25 stack frames]]>
    </failure>
  </testcase> <!-- registerUser_InvalidCase -->
  <testcase classname="automation.TestAutomationFramework.test.RegistrationTest_TC201" name="registerUser_ValidCase" time="0.0">
    <ignored/>
  </testcase> <!-- registerUser_ValidCase -->
</testsuite> <!-- Default test(failed) -->
